I, [2018-05-31T22:36:05.510943 #724]  INFO -- default-centos-72: -----> Cleaning up any prior instances of <default-centos-72>
I, [2018-05-31T22:36:05.511942 #724]  INFO -- default-centos-72: -----> Destroying <default-centos-72>...
I, [2018-05-31T22:36:05.515947 #724]  INFO -- default-centos-72: Finished destroying <default-centos-72> (0m0.00s).
I, [2018-05-31T22:36:05.516949 #724]  INFO -- default-centos-72: -----> Testing <default-centos-72>
I, [2018-05-31T22:36:05.518958 #724]  INFO -- default-centos-72: -----> Creating <default-centos-72>...
I, [2018-05-31T22:36:06.725805 #724]  INFO -- default-centos-72: The provider 'virtualbox' that was requested to back the machine
I, [2018-05-31T22:36:06.725805 #724]  INFO -- default-centos-72: 'default' is reporting that it isn't usable on this system. The
I, [2018-05-31T22:36:06.725805 #724]  INFO -- default-centos-72: reason is shown below:
I, [2018-05-31T22:36:06.725805 #724]  INFO -- default-centos-72: 
I, [2018-05-31T22:36:06.725805 #724]  INFO -- default-centos-72: Vagrant could not detect VirtualBox! Make sure VirtualBox is properly installed.
I, [2018-05-31T22:36:06.725805 #724]  INFO -- default-centos-72: Vagrant uses the `VBoxManage` binary that ships with VirtualBox, and requires
I, [2018-05-31T22:36:06.725805 #724]  INFO -- default-centos-72: this to be available on the PATH. If VirtualBox is installed, please find the
I, [2018-05-31T22:36:06.726806 #724]  INFO -- default-centos-72: `VBoxManage` binary and add it to the PATH environmental variable.
E, [2018-05-31T22:36:06.741869 #724] ERROR -- default-centos-72: Create failed on instance <default-centos-72>.
E, [2018-05-31T22:36:06.741869 #724] ERROR -- default-centos-72: ------Exception-------
E, [2018-05-31T22:36:06.741869 #724] ERROR -- default-centos-72: Class: Kitchen::ShellOut::ShellCommandFailed
E, [2018-05-31T22:36:06.742834 #724] ERROR -- default-centos-72: Message: Expected process to exit with [0], but received '1'
---- Begin output of vagrant up --no-provision --provider virtualbox ----
STDOUT: 
STDERR: The provider 'virtualbox' that was requested to back the machine
'default' is reporting that it isn't usable on this system. The
reason is shown below:

Vagrant could not detect VirtualBox! Make sure VirtualBox is properly installed.
Vagrant uses the `VBoxManage` binary that ships with VirtualBox, and requires
this to be available on the PATH. If VirtualBox is installed, please find the
`VBoxManage` binary and add it to the PATH environmental variable.
---- End output of vagrant up --no-provision --provider virtualbox ----
Ran vagrant up --no-provision --provider virtualbox returned 1
E, [2018-05-31T22:36:06.742834 #724] ERROR -- default-centos-72: ----------------------
E, [2018-05-31T22:36:06.742834 #724] ERROR -- default-centos-72: ------Backtrace-------
E, [2018-05-31T22:36:06.742834 #724] ERROR -- default-centos-72: C:/opscode/chefdk/embedded/lib/ruby/gems/2.4.0/gems/test-kitchen-1.20.0/lib/kitchen/shell_out.rb:71:in `rescue in run_command'
E, [2018-05-31T22:36:06.742834 #724] ERROR -- default-centos-72: C:/opscode/chefdk/embedded/lib/ruby/gems/2.4.0/gems/test-kitchen-1.20.0/lib/kitchen/shell_out.rb:58:in `run_command'
E, [2018-05-31T22:36:06.742834 #724] ERROR -- default-centos-72: C:/opscode/chefdk/embedded/lib/ruby/gems/2.4.0/gems/kitchen-vagrant-1.3.1/lib/kitchen/driver/vagrant.rb:452:in `run_command'
E, [2018-05-31T22:36:06.743829 #724] ERROR -- default-centos-72: C:/opscode/chefdk/embedded/lib/ruby/gems/2.4.0/gems/kitchen-vagrant-1.3.1/lib/kitchen/driver/vagrant.rb:399:in `run'
E, [2018-05-31T22:36:06.743829 #724] ERROR -- default-centos-72: C:/opscode/chefdk/embedded/lib/ruby/gems/2.4.0/gems/kitchen-vagrant-1.3.1/lib/kitchen/driver/vagrant.rb:483:in `run_vagrant_up'
E, [2018-05-31T22:36:06.743829 #724] ERROR -- default-centos-72: C:/opscode/chefdk/embedded/lib/ruby/gems/2.4.0/gems/kitchen-vagrant-1.3.1/lib/kitchen/driver/vagrant.rb:109:in `create'
E, [2018-05-31T22:36:06.743829 #724] ERROR -- default-centos-72: C:/opscode/chefdk/embedded/lib/ruby/gems/2.4.0/gems/test-kitchen-1.20.0/lib/kitchen/instance.rb:469:in `public_send'
E, [2018-05-31T22:36:06.743829 #724] ERROR -- default-centos-72: C:/opscode/chefdk/embedded/lib/ruby/gems/2.4.0/gems/test-kitchen-1.20.0/lib/kitchen/instance.rb:469:in `block in perform_action'
E, [2018-05-31T22:36:06.743829 #724] ERROR -- default-centos-72: C:/opscode/chefdk/embedded/lib/ruby/gems/2.4.0/gems/test-kitchen-1.20.0/lib/kitchen/instance.rb:533:in `block in synchronize_or_call'
E, [2018-05-31T22:36:06.743829 #724] ERROR -- default-centos-72: C:/opscode/chefdk/embedded/lib/ruby/gems/2.4.0/gems/test-kitchen-1.20.0/lib/kitchen/instance.rb:531:in `synchronize'
E, [2018-05-31T22:36:06.744832 #724] ERROR -- default-centos-72: C:/opscode/chefdk/embedded/lib/ruby/gems/2.4.0/gems/test-kitchen-1.20.0/lib/kitchen/instance.rb:531:in `synchronize_or_call'
E, [2018-05-31T22:36:06.744832 #724] ERROR -- default-centos-72: C:/opscode/chefdk/embedded/lib/ruby/gems/2.4.0/gems/test-kitchen-1.20.0/lib/kitchen/instance.rb:498:in `block in action'
E, [2018-05-31T22:36:06.744832 #724] ERROR -- default-centos-72: C:/opscode/chefdk/embedded/lib/ruby/2.4.0/benchmark.rb:293:in `measure'
E, [2018-05-31T22:36:06.744832 #724] ERROR -- default-centos-72: C:/opscode/chefdk/embedded/lib/ruby/gems/2.4.0/gems/test-kitchen-1.20.0/lib/kitchen/instance.rb:497:in `action'
E, [2018-05-31T22:36:06.744832 #724] ERROR -- default-centos-72: C:/opscode/chefdk/embedded/lib/ruby/gems/2.4.0/gems/test-kitchen-1.20.0/lib/kitchen/instance.rb:469:in `perform_action'
E, [2018-05-31T22:36:06.744832 #724] ERROR -- default-centos-72: C:/opscode/chefdk/embedded/lib/ruby/gems/2.4.0/gems/test-kitchen-1.20.0/lib/kitchen/instance.rb:379:in `create_action'
E, [2018-05-31T22:36:06.744832 #724] ERROR -- default-centos-72: C:/opscode/chefdk/embedded/lib/ruby/gems/2.4.0/gems/test-kitchen-1.20.0/lib/kitchen/instance.rb:368:in `block in transition_to'
E, [2018-05-31T22:36:06.744832 #724] ERROR -- default-centos-72: C:/opscode/chefdk/embedded/lib/ruby/gems/2.4.0/gems/test-kitchen-1.20.0/lib/kitchen/instance.rb:367:in `each'
E, [2018-05-31T22:36:06.744832 #724] ERROR -- default-centos-72: C:/opscode/chefdk/embedded/lib/ruby/gems/2.4.0/gems/test-kitchen-1.20.0/lib/kitchen/instance.rb:367:in `transition_to'
E, [2018-05-31T22:36:06.744832 #724] ERROR -- default-centos-72: C:/opscode/chefdk/embedded/lib/ruby/gems/2.4.0/gems/test-kitchen-1.20.0/lib/kitchen/instance.rb:157:in `verify'
E, [2018-05-31T22:36:06.744832 #724] ERROR -- default-centos-72: C:/opscode/chefdk/embedded/lib/ruby/gems/2.4.0/gems/test-kitchen-1.20.0/lib/kitchen/instance.rb:186:in `block in test'
E, [2018-05-31T22:36:06.744832 #724] ERROR -- default-centos-72: C:/opscode/chefdk/embedded/lib/ruby/2.4.0/benchmark.rb:293:in `measure'
E, [2018-05-31T22:36:06.745820 #724] ERROR -- default-centos-72: C:/opscode/chefdk/embedded/lib/ruby/gems/2.4.0/gems/test-kitchen-1.20.0/lib/kitchen/instance.rb:182:in `test'
E, [2018-05-31T22:36:06.745820 #724] ERROR -- default-centos-72: C:/opscode/chefdk/embedded/lib/ruby/gems/2.4.0/gems/test-kitchen-1.20.0/lib/kitchen/command.rb:197:in `public_send'
E, [2018-05-31T22:36:06.745820 #724] ERROR -- default-centos-72: C:/opscode/chefdk/embedded/lib/ruby/gems/2.4.0/gems/test-kitchen-1.20.0/lib/kitchen/command.rb:197:in `run_action_in_thread'
E, [2018-05-31T22:36:06.745820 #724] ERROR -- default-centos-72: C:/opscode/chefdk/embedded/lib/ruby/gems/2.4.0/gems/test-kitchen-1.20.0/lib/kitchen/command.rb:169:in `block (2 levels) in run_action'
E, [2018-05-31T22:36:06.745820 #724] ERROR -- default-centos-72: ----End Backtrace-----
E, [2018-05-31T22:36:06.745820 #724] ERROR -- default-centos-72: ---Nested Exception---
E, [2018-05-31T22:36:06.745820 #724] ERROR -- default-centos-72: Class: Mixlib::ShellOut::ShellCommandFailed
E, [2018-05-31T22:36:06.745820 #724] ERROR -- default-centos-72: Message: Expected process to exit with [0], but received '1'
---- Begin output of vagrant up --no-provision --provider virtualbox ----
STDOUT: 
STDERR: The provider 'virtualbox' that was requested to back the machine
'default' is reporting that it isn't usable on this system. The
reason is shown below:

Vagrant could not detect VirtualBox! Make sure VirtualBox is properly installed.
Vagrant uses the `VBoxManage` binary that ships with VirtualBox, and requires
this to be available on the PATH. If VirtualBox is installed, please find the
`VBoxManage` binary and add it to the PATH environmental variable.
---- End output of vagrant up --no-provision --provider virtualbox ----
Ran vagrant up --no-provision --provider virtualbox returned 1
E, [2018-05-31T22:36:06.745820 #724] ERROR -- default-centos-72: ----------------------
E, [2018-05-31T22:36:06.745820 #724] ERROR -- default-centos-72: ------Backtrace-------
E, [2018-05-31T22:36:06.745820 #724] ERROR -- default-centos-72: C:/opscode/chefdk/embedded/lib/ruby/gems/2.4.0/gems/test-kitchen-1.20.0/lib/kitchen/shell_out.rb:71:in `rescue in run_command'
E, [2018-05-31T22:36:06.745820 #724] ERROR -- default-centos-72: C:/opscode/chefdk/embedded/lib/ruby/gems/2.4.0/gems/test-kitchen-1.20.0/lib/kitchen/shell_out.rb:58:in `run_command'
E, [2018-05-31T22:36:06.745820 #724] ERROR -- default-centos-72: C:/opscode/chefdk/embedded/lib/ruby/gems/2.4.0/gems/kitchen-vagrant-1.3.1/lib/kitchen/driver/vagrant.rb:452:in `run_command'
E, [2018-05-31T22:36:06.745820 #724] ERROR -- default-centos-72: C:/opscode/chefdk/embedded/lib/ruby/gems/2.4.0/gems/kitchen-vagrant-1.3.1/lib/kitchen/driver/vagrant.rb:399:in `run'
E, [2018-05-31T22:36:06.746822 #724] ERROR -- default-centos-72: C:/opscode/chefdk/embedded/lib/ruby/gems/2.4.0/gems/kitchen-vagrant-1.3.1/lib/kitchen/driver/vagrant.rb:483:in `run_vagrant_up'
E, [2018-05-31T22:36:06.746822 #724] ERROR -- default-centos-72: C:/opscode/chefdk/embedded/lib/ruby/gems/2.4.0/gems/kitchen-vagrant-1.3.1/lib/kitchen/driver/vagrant.rb:109:in `create'
E, [2018-05-31T22:36:06.746822 #724] ERROR -- default-centos-72: C:/opscode/chefdk/embedded/lib/ruby/gems/2.4.0/gems/test-kitchen-1.20.0/lib/kitchen/instance.rb:469:in `public_send'
E, [2018-05-31T22:36:06.746822 #724] ERROR -- default-centos-72: C:/opscode/chefdk/embedded/lib/ruby/gems/2.4.0/gems/test-kitchen-1.20.0/lib/kitchen/instance.rb:469:in `block in perform_action'
E, [2018-05-31T22:36:06.746822 #724] ERROR -- default-centos-72: C:/opscode/chefdk/embedded/lib/ruby/gems/2.4.0/gems/test-kitchen-1.20.0/lib/kitchen/instance.rb:533:in `block in synchronize_or_call'
E, [2018-05-31T22:36:06.746822 #724] ERROR -- default-centos-72: C:/opscode/chefdk/embedded/lib/ruby/gems/2.4.0/gems/test-kitchen-1.20.0/lib/kitchen/instance.rb:531:in `synchronize'
E, [2018-05-31T22:36:06.746822 #724] ERROR -- default-centos-72: C:/opscode/chefdk/embedded/lib/ruby/gems/2.4.0/gems/test-kitchen-1.20.0/lib/kitchen/instance.rb:531:in `synchronize_or_call'
E, [2018-05-31T22:36:06.746822 #724] ERROR -- default-centos-72: C:/opscode/chefdk/embedded/lib/ruby/gems/2.4.0/gems/test-kitchen-1.20.0/lib/kitchen/instance.rb:498:in `block in action'
E, [2018-05-31T22:36:06.746822 #724] ERROR -- default-centos-72: C:/opscode/chefdk/embedded/lib/ruby/2.4.0/benchmark.rb:293:in `measure'
E, [2018-05-31T22:36:06.746822 #724] ERROR -- default-centos-72: C:/opscode/chefdk/embedded/lib/ruby/gems/2.4.0/gems/test-kitchen-1.20.0/lib/kitchen/instance.rb:497:in `action'
E, [2018-05-31T22:36:06.746822 #724] ERROR -- default-centos-72: C:/opscode/chefdk/embedded/lib/ruby/gems/2.4.0/gems/test-kitchen-1.20.0/lib/kitchen/instance.rb:469:in `perform_action'
E, [2018-05-31T22:36:06.746822 #724] ERROR -- default-centos-72: C:/opscode/chefdk/embedded/lib/ruby/gems/2.4.0/gems/test-kitchen-1.20.0/lib/kitchen/instance.rb:379:in `create_action'
E, [2018-05-31T22:36:06.746822 #724] ERROR -- default-centos-72: C:/opscode/chefdk/embedded/lib/ruby/gems/2.4.0/gems/test-kitchen-1.20.0/lib/kitchen/instance.rb:368:in `block in transition_to'
E, [2018-05-31T22:36:06.747822 #724] ERROR -- default-centos-72: C:/opscode/chefdk/embedded/lib/ruby/gems/2.4.0/gems/test-kitchen-1.20.0/lib/kitchen/instance.rb:367:in `each'
E, [2018-05-31T22:36:06.747822 #724] ERROR -- default-centos-72: C:/opscode/chefdk/embedded/lib/ruby/gems/2.4.0/gems/test-kitchen-1.20.0/lib/kitchen/instance.rb:367:in `transition_to'
E, [2018-05-31T22:36:06.747822 #724] ERROR -- default-centos-72: C:/opscode/chefdk/embedded/lib/ruby/gems/2.4.0/gems/test-kitchen-1.20.0/lib/kitchen/instance.rb:157:in `verify'
E, [2018-05-31T22:36:06.747822 #724] ERROR -- default-centos-72: C:/opscode/chefdk/embedded/lib/ruby/gems/2.4.0/gems/test-kitchen-1.20.0/lib/kitchen/instance.rb:186:in `block in test'
E, [2018-05-31T22:36:06.747822 #724] ERROR -- default-centos-72: C:/opscode/chefdk/embedded/lib/ruby/2.4.0/benchmark.rb:293:in `measure'
E, [2018-05-31T22:36:06.747822 #724] ERROR -- default-centos-72: C:/opscode/chefdk/embedded/lib/ruby/gems/2.4.0/gems/test-kitchen-1.20.0/lib/kitchen/instance.rb:182:in `test'
E, [2018-05-31T22:36:06.747822 #724] ERROR -- default-centos-72: C:/opscode/chefdk/embedded/lib/ruby/gems/2.4.0/gems/test-kitchen-1.20.0/lib/kitchen/command.rb:197:in `public_send'
E, [2018-05-31T22:36:06.747822 #724] ERROR -- default-centos-72: C:/opscode/chefdk/embedded/lib/ruby/gems/2.4.0/gems/test-kitchen-1.20.0/lib/kitchen/command.rb:197:in `run_action_in_thread'
E, [2018-05-31T22:36:06.747822 #724] ERROR -- default-centos-72: C:/opscode/chefdk/embedded/lib/ruby/gems/2.4.0/gems/test-kitchen-1.20.0/lib/kitchen/command.rb:169:in `block (2 levels) in run_action'
E, [2018-05-31T22:36:06.747822 #724] ERROR -- default-centos-72: ----End Backtrace-----
