I, [2018-05-31T22:36:04.148951 #724]  INFO -- default-ubuntu-1404: -----> Cleaning up any prior instances of <default-ubuntu-1404>
I, [2018-05-31T22:36:04.150964 #724]  INFO -- default-ubuntu-1404: -----> Destroying <default-ubuntu-1404>...
I, [2018-05-31T22:36:04.156955 #724]  INFO -- default-ubuntu-1404: Finished destroying <default-ubuntu-1404> (0m0.00s).
I, [2018-05-31T22:36:04.159969 #724]  INFO -- default-ubuntu-1404: -----> Testing <default-ubuntu-1404>
I, [2018-05-31T22:36:04.160958 #724]  INFO -- default-ubuntu-1404: -----> Creating <default-ubuntu-1404>...
I, [2018-05-31T22:36:05.485922 #724]  INFO -- default-ubuntu-1404: The provider 'virtualbox' that was requested to back the machine
I, [2018-05-31T22:36:05.485922 #724]  INFO -- default-ubuntu-1404: 'default' is reporting that it isn't usable on this system. The
I, [2018-05-31T22:36:05.485922 #724]  INFO -- default-ubuntu-1404: reason is shown below:
I, [2018-05-31T22:36:05.485922 #724]  INFO -- default-ubuntu-1404: 
I, [2018-05-31T22:36:05.485922 #724]  INFO -- default-ubuntu-1404: Vagrant could not detect VirtualBox! Make sure VirtualBox is properly installed.
I, [2018-05-31T22:36:05.485922 #724]  INFO -- default-ubuntu-1404: Vagrant uses the `VBoxManage` binary that ships with VirtualBox, and requires
I, [2018-05-31T22:36:05.485922 #724]  INFO -- default-ubuntu-1404: this to be available on the PATH. If VirtualBox is installed, please find the
I, [2018-05-31T22:36:05.485922 #724]  INFO -- default-ubuntu-1404: `VBoxManage` binary and add it to the PATH environmental variable.
E, [2018-05-31T22:36:05.502954 #724] ERROR -- default-ubuntu-1404: Create failed on instance <default-ubuntu-1404>.
E, [2018-05-31T22:36:05.502954 #724] ERROR -- default-ubuntu-1404: ------Exception-------
E, [2018-05-31T22:36:05.502954 #724] ERROR -- default-ubuntu-1404: Class: Kitchen::ShellOut::ShellCommandFailed
E, [2018-05-31T22:36:05.502954 #724] ERROR -- default-ubuntu-1404: Message: Expected process to exit with [0], but received '1'
---- Begin output of vagrant up --no-provision --provider virtualbox ----
STDOUT: 
STDERR: The provider 'virtualbox' that was requested to back the machine
'default' is reporting that it isn't usable on this system. The
reason is shown below:

Vagrant could not detect VirtualBox! Make sure VirtualBox is properly installed.
Vagrant uses the `VBoxManage` binary that ships with VirtualBox, and requires
this to be available on the PATH. If VirtualBox is installed, please find the
`VBoxManage` binary and add it to the PATH environmental variable.
---- End output of vagrant up --no-provision --provider virtualbox ----
Ran vagrant up --no-provision --provider virtualbox returned 1
E, [2018-05-31T22:36:05.502954 #724] ERROR -- default-ubuntu-1404: ----------------------
E, [2018-05-31T22:36:05.502954 #724] ERROR -- default-ubuntu-1404: ------Backtrace-------
E, [2018-05-31T22:36:05.502954 #724] ERROR -- default-ubuntu-1404: C:/opscode/chefdk/embedded/lib/ruby/gems/2.4.0/gems/test-kitchen-1.20.0/lib/kitchen/shell_out.rb:71:in `rescue in run_command'
E, [2018-05-31T22:36:05.502954 #724] ERROR -- default-ubuntu-1404: C:/opscode/chefdk/embedded/lib/ruby/gems/2.4.0/gems/test-kitchen-1.20.0/lib/kitchen/shell_out.rb:58:in `run_command'
E, [2018-05-31T22:36:05.502954 #724] ERROR -- default-ubuntu-1404: C:/opscode/chefdk/embedded/lib/ruby/gems/2.4.0/gems/kitchen-vagrant-1.3.1/lib/kitchen/driver/vagrant.rb:452:in `run_command'
E, [2018-05-31T22:36:05.503936 #724] ERROR -- default-ubuntu-1404: C:/opscode/chefdk/embedded/lib/ruby/gems/2.4.0/gems/kitchen-vagrant-1.3.1/lib/kitchen/driver/vagrant.rb:399:in `run'
E, [2018-05-31T22:36:05.503936 #724] ERROR -- default-ubuntu-1404: C:/opscode/chefdk/embedded/lib/ruby/gems/2.4.0/gems/kitchen-vagrant-1.3.1/lib/kitchen/driver/vagrant.rb:483:in `run_vagrant_up'
E, [2018-05-31T22:36:05.503936 #724] ERROR -- default-ubuntu-1404: C:/opscode/chefdk/embedded/lib/ruby/gems/2.4.0/gems/kitchen-vagrant-1.3.1/lib/kitchen/driver/vagrant.rb:109:in `create'
E, [2018-05-31T22:36:05.503936 #724] ERROR -- default-ubuntu-1404: C:/opscode/chefdk/embedded/lib/ruby/gems/2.4.0/gems/test-kitchen-1.20.0/lib/kitchen/instance.rb:469:in `public_send'
E, [2018-05-31T22:36:05.503936 #724] ERROR -- default-ubuntu-1404: C:/opscode/chefdk/embedded/lib/ruby/gems/2.4.0/gems/test-kitchen-1.20.0/lib/kitchen/instance.rb:469:in `block in perform_action'
E, [2018-05-31T22:36:05.503936 #724] ERROR -- default-ubuntu-1404: C:/opscode/chefdk/embedded/lib/ruby/gems/2.4.0/gems/test-kitchen-1.20.0/lib/kitchen/instance.rb:533:in `block in synchronize_or_call'
E, [2018-05-31T22:36:05.503936 #724] ERROR -- default-ubuntu-1404: C:/opscode/chefdk/embedded/lib/ruby/gems/2.4.0/gems/test-kitchen-1.20.0/lib/kitchen/instance.rb:531:in `synchronize'
E, [2018-05-31T22:36:05.503936 #724] ERROR -- default-ubuntu-1404: C:/opscode/chefdk/embedded/lib/ruby/gems/2.4.0/gems/test-kitchen-1.20.0/lib/kitchen/instance.rb:531:in `synchronize_or_call'
E, [2018-05-31T22:36:05.503936 #724] ERROR -- default-ubuntu-1404: C:/opscode/chefdk/embedded/lib/ruby/gems/2.4.0/gems/test-kitchen-1.20.0/lib/kitchen/instance.rb:498:in `block in action'
E, [2018-05-31T22:36:05.503936 #724] ERROR -- default-ubuntu-1404: C:/opscode/chefdk/embedded/lib/ruby/2.4.0/benchmark.rb:293:in `measure'
E, [2018-05-31T22:36:05.503936 #724] ERROR -- default-ubuntu-1404: C:/opscode/chefdk/embedded/lib/ruby/gems/2.4.0/gems/test-kitchen-1.20.0/lib/kitchen/instance.rb:497:in `action'
E, [2018-05-31T22:36:05.503936 #724] ERROR -- default-ubuntu-1404: C:/opscode/chefdk/embedded/lib/ruby/gems/2.4.0/gems/test-kitchen-1.20.0/lib/kitchen/instance.rb:469:in `perform_action'
E, [2018-05-31T22:36:05.503936 #724] ERROR -- default-ubuntu-1404: C:/opscode/chefdk/embedded/lib/ruby/gems/2.4.0/gems/test-kitchen-1.20.0/lib/kitchen/instance.rb:379:in `create_action'
E, [2018-05-31T22:36:05.503936 #724] ERROR -- default-ubuntu-1404: C:/opscode/chefdk/embedded/lib/ruby/gems/2.4.0/gems/test-kitchen-1.20.0/lib/kitchen/instance.rb:368:in `block in transition_to'
E, [2018-05-31T22:36:05.503936 #724] ERROR -- default-ubuntu-1404: C:/opscode/chefdk/embedded/lib/ruby/gems/2.4.0/gems/test-kitchen-1.20.0/lib/kitchen/instance.rb:367:in `each'
E, [2018-05-31T22:36:05.503936 #724] ERROR -- default-ubuntu-1404: C:/opscode/chefdk/embedded/lib/ruby/gems/2.4.0/gems/test-kitchen-1.20.0/lib/kitchen/instance.rb:367:in `transition_to'
E, [2018-05-31T22:36:05.503936 #724] ERROR -- default-ubuntu-1404: C:/opscode/chefdk/embedded/lib/ruby/gems/2.4.0/gems/test-kitchen-1.20.0/lib/kitchen/instance.rb:157:in `verify'
E, [2018-05-31T22:36:05.503936 #724] ERROR -- default-ubuntu-1404: C:/opscode/chefdk/embedded/lib/ruby/gems/2.4.0/gems/test-kitchen-1.20.0/lib/kitchen/instance.rb:186:in `block in test'
E, [2018-05-31T22:36:05.503936 #724] ERROR -- default-ubuntu-1404: C:/opscode/chefdk/embedded/lib/ruby/2.4.0/benchmark.rb:293:in `measure'
E, [2018-05-31T22:36:05.504936 #724] ERROR -- default-ubuntu-1404: C:/opscode/chefdk/embedded/lib/ruby/gems/2.4.0/gems/test-kitchen-1.20.0/lib/kitchen/instance.rb:182:in `test'
E, [2018-05-31T22:36:05.504936 #724] ERROR -- default-ubuntu-1404: C:/opscode/chefdk/embedded/lib/ruby/gems/2.4.0/gems/test-kitchen-1.20.0/lib/kitchen/command.rb:197:in `public_send'
E, [2018-05-31T22:36:05.504936 #724] ERROR -- default-ubuntu-1404: C:/opscode/chefdk/embedded/lib/ruby/gems/2.4.0/gems/test-kitchen-1.20.0/lib/kitchen/command.rb:197:in `run_action_in_thread'
E, [2018-05-31T22:36:05.504936 #724] ERROR -- default-ubuntu-1404: C:/opscode/chefdk/embedded/lib/ruby/gems/2.4.0/gems/test-kitchen-1.20.0/lib/kitchen/command.rb:169:in `block (2 levels) in run_action'
E, [2018-05-31T22:36:05.504936 #724] ERROR -- default-ubuntu-1404: ----End Backtrace-----
E, [2018-05-31T22:36:05.504936 #724] ERROR -- default-ubuntu-1404: ---Nested Exception---
E, [2018-05-31T22:36:05.504936 #724] ERROR -- default-ubuntu-1404: Class: Mixlib::ShellOut::ShellCommandFailed
E, [2018-05-31T22:36:05.504936 #724] ERROR -- default-ubuntu-1404: Message: Expected process to exit with [0], but received '1'
---- Begin output of vagrant up --no-provision --provider virtualbox ----
STDOUT: 
STDERR: The provider 'virtualbox' that was requested to back the machine
'default' is reporting that it isn't usable on this system. The
reason is shown below:

Vagrant could not detect VirtualBox! Make sure VirtualBox is properly installed.
Vagrant uses the `VBoxManage` binary that ships with VirtualBox, and requires
this to be available on the PATH. If VirtualBox is installed, please find the
`VBoxManage` binary and add it to the PATH environmental variable.
---- End output of vagrant up --no-provision --provider virtualbox ----
Ran vagrant up --no-provision --provider virtualbox returned 1
E, [2018-05-31T22:36:05.504936 #724] ERROR -- default-ubuntu-1404: ----------------------
E, [2018-05-31T22:36:05.504936 #724] ERROR -- default-ubuntu-1404: ------Backtrace-------
E, [2018-05-31T22:36:05.504936 #724] ERROR -- default-ubuntu-1404: C:/opscode/chefdk/embedded/lib/ruby/gems/2.4.0/gems/test-kitchen-1.20.0/lib/kitchen/shell_out.rb:71:in `rescue in run_command'
E, [2018-05-31T22:36:05.504936 #724] ERROR -- default-ubuntu-1404: C:/opscode/chefdk/embedded/lib/ruby/gems/2.4.0/gems/test-kitchen-1.20.0/lib/kitchen/shell_out.rb:58:in `run_command'
E, [2018-05-31T22:36:05.504936 #724] ERROR -- default-ubuntu-1404: C:/opscode/chefdk/embedded/lib/ruby/gems/2.4.0/gems/kitchen-vagrant-1.3.1/lib/kitchen/driver/vagrant.rb:452:in `run_command'
E, [2018-05-31T22:36:05.504936 #724] ERROR -- default-ubuntu-1404: C:/opscode/chefdk/embedded/lib/ruby/gems/2.4.0/gems/kitchen-vagrant-1.3.1/lib/kitchen/driver/vagrant.rb:399:in `run'
E, [2018-05-31T22:36:05.504936 #724] ERROR -- default-ubuntu-1404: C:/opscode/chefdk/embedded/lib/ruby/gems/2.4.0/gems/kitchen-vagrant-1.3.1/lib/kitchen/driver/vagrant.rb:483:in `run_vagrant_up'
E, [2018-05-31T22:36:05.504936 #724] ERROR -- default-ubuntu-1404: C:/opscode/chefdk/embedded/lib/ruby/gems/2.4.0/gems/kitchen-vagrant-1.3.1/lib/kitchen/driver/vagrant.rb:109:in `create'
E, [2018-05-31T22:36:05.504936 #724] ERROR -- default-ubuntu-1404: C:/opscode/chefdk/embedded/lib/ruby/gems/2.4.0/gems/test-kitchen-1.20.0/lib/kitchen/instance.rb:469:in `public_send'
E, [2018-05-31T22:36:05.504936 #724] ERROR -- default-ubuntu-1404: C:/opscode/chefdk/embedded/lib/ruby/gems/2.4.0/gems/test-kitchen-1.20.0/lib/kitchen/instance.rb:469:in `block in perform_action'
E, [2018-05-31T22:36:05.504936 #724] ERROR -- default-ubuntu-1404: C:/opscode/chefdk/embedded/lib/ruby/gems/2.4.0/gems/test-kitchen-1.20.0/lib/kitchen/instance.rb:533:in `block in synchronize_or_call'
E, [2018-05-31T22:36:05.505941 #724] ERROR -- default-ubuntu-1404: C:/opscode/chefdk/embedded/lib/ruby/gems/2.4.0/gems/test-kitchen-1.20.0/lib/kitchen/instance.rb:531:in `synchronize'
E, [2018-05-31T22:36:05.505941 #724] ERROR -- default-ubuntu-1404: C:/opscode/chefdk/embedded/lib/ruby/gems/2.4.0/gems/test-kitchen-1.20.0/lib/kitchen/instance.rb:531:in `synchronize_or_call'
E, [2018-05-31T22:36:05.505941 #724] ERROR -- default-ubuntu-1404: C:/opscode/chefdk/embedded/lib/ruby/gems/2.4.0/gems/test-kitchen-1.20.0/lib/kitchen/instance.rb:498:in `block in action'
E, [2018-05-31T22:36:05.505941 #724] ERROR -- default-ubuntu-1404: C:/opscode/chefdk/embedded/lib/ruby/2.4.0/benchmark.rb:293:in `measure'
E, [2018-05-31T22:36:05.505941 #724] ERROR -- default-ubuntu-1404: C:/opscode/chefdk/embedded/lib/ruby/gems/2.4.0/gems/test-kitchen-1.20.0/lib/kitchen/instance.rb:497:in `action'
E, [2018-05-31T22:36:05.505941 #724] ERROR -- default-ubuntu-1404: C:/opscode/chefdk/embedded/lib/ruby/gems/2.4.0/gems/test-kitchen-1.20.0/lib/kitchen/instance.rb:469:in `perform_action'
E, [2018-05-31T22:36:05.505941 #724] ERROR -- default-ubuntu-1404: C:/opscode/chefdk/embedded/lib/ruby/gems/2.4.0/gems/test-kitchen-1.20.0/lib/kitchen/instance.rb:379:in `create_action'
E, [2018-05-31T22:36:05.505941 #724] ERROR -- default-ubuntu-1404: C:/opscode/chefdk/embedded/lib/ruby/gems/2.4.0/gems/test-kitchen-1.20.0/lib/kitchen/instance.rb:368:in `block in transition_to'
E, [2018-05-31T22:36:05.505941 #724] ERROR -- default-ubuntu-1404: C:/opscode/chefdk/embedded/lib/ruby/gems/2.4.0/gems/test-kitchen-1.20.0/lib/kitchen/instance.rb:367:in `each'
E, [2018-05-31T22:36:05.505941 #724] ERROR -- default-ubuntu-1404: C:/opscode/chefdk/embedded/lib/ruby/gems/2.4.0/gems/test-kitchen-1.20.0/lib/kitchen/instance.rb:367:in `transition_to'
E, [2018-05-31T22:36:05.505941 #724] ERROR -- default-ubuntu-1404: C:/opscode/chefdk/embedded/lib/ruby/gems/2.4.0/gems/test-kitchen-1.20.0/lib/kitchen/instance.rb:157:in `verify'
E, [2018-05-31T22:36:05.505941 #724] ERROR -- default-ubuntu-1404: C:/opscode/chefdk/embedded/lib/ruby/gems/2.4.0/gems/test-kitchen-1.20.0/lib/kitchen/instance.rb:186:in `block in test'
E, [2018-05-31T22:36:05.505941 #724] ERROR -- default-ubuntu-1404: C:/opscode/chefdk/embedded/lib/ruby/2.4.0/benchmark.rb:293:in `measure'
E, [2018-05-31T22:36:05.505941 #724] ERROR -- default-ubuntu-1404: C:/opscode/chefdk/embedded/lib/ruby/gems/2.4.0/gems/test-kitchen-1.20.0/lib/kitchen/instance.rb:182:in `test'
E, [2018-05-31T22:36:05.505941 #724] ERROR -- default-ubuntu-1404: C:/opscode/chefdk/embedded/lib/ruby/gems/2.4.0/gems/test-kitchen-1.20.0/lib/kitchen/command.rb:197:in `public_send'
E, [2018-05-31T22:36:05.505941 #724] ERROR -- default-ubuntu-1404: C:/opscode/chefdk/embedded/lib/ruby/gems/2.4.0/gems/test-kitchen-1.20.0/lib/kitchen/command.rb:197:in `run_action_in_thread'
E, [2018-05-31T22:36:05.505941 #724] ERROR -- default-ubuntu-1404: C:/opscode/chefdk/embedded/lib/ruby/gems/2.4.0/gems/test-kitchen-1.20.0/lib/kitchen/command.rb:169:in `block (2 levels) in run_action'
E, [2018-05-31T22:36:05.505941 #724] ERROR -- default-ubuntu-1404: ----End Backtrace-----
