I, [2018-05-31T22:36:03.150257 #724]  INFO -- Kitchen: -----> Starting Kitchen (v1.20.0)
I, [2018-05-31T22:36:04.148951 #724]  INFO -- Kitchen: -----> Cleaning up any prior instances of <default-ubuntu-1404>
I, [2018-05-31T22:36:04.149957 #724]  INFO -- Kitchen: -----> Destroying <default-ubuntu-1404>...
I, [2018-05-31T22:36:04.158957 #724]  INFO -- Kitchen: -----> Testing <default-ubuntu-1404>
I, [2018-05-31T22:36:04.159969 #724]  INFO -- Kitchen: -----> Creating <default-ubuntu-1404>...
I, [2018-05-31T22:36:05.510943 #724]  INFO -- Kitchen: -----> Cleaning up any prior instances of <default-centos-72>
I, [2018-05-31T22:36:05.511942 #724]  INFO -- Kitchen: -----> Destroying <default-centos-72>...
I, [2018-05-31T22:36:05.516949 #724]  INFO -- Kitchen: -----> Testing <default-centos-72>
I, [2018-05-31T22:36:05.517951 #724]  INFO -- Kitchen: -----> Creating <default-centos-72>...
E, [2018-05-31T22:36:06.753827 #724] ERROR -- Kitchen: ------Exception-------
E, [2018-05-31T22:36:06.753827 #724] ERROR -- Kitchen: Class: Kitchen::ActionFailed
E, [2018-05-31T22:36:06.753827 #724] ERROR -- Kitchen: Message: 2 actions failed.
>>>>>>     Failed to complete #create action: [Expected process to exit with [0], but received '1'
---- Begin output of vagrant up --no-provision --provider virtualbox ----
STDOUT: 
STDERR: The provider 'virtualbox' that was requested to back the machine
'default' is reporting that it isn't usable on this system. The
reason is shown below:

Vagrant could not detect VirtualBox! Make sure VirtualBox is properly installed.
Vagrant uses the `VBoxManage` binary that ships with VirtualBox, and requires
this to be available on the PATH. If VirtualBox is installed, please find the
`VBoxManage` binary and add it to the PATH environmental variable.
---- End output of vagrant up --no-provision --provider virtualbox ----
Ran vagrant up --no-provision --provider virtualbox returned 1] on default-ubuntu-1404
>>>>>>     Failed to complete #create action: [Expected process to exit with [0], but received '1'
---- Begin output of vagrant up --no-provision --provider virtualbox ----
STDOUT: 
STDERR: The provider 'virtualbox' that was requested to back the machine
'default' is reporting that it isn't usable on this system. The
reason is shown below:

Vagrant could not detect VirtualBox! Make sure VirtualBox is properly installed.
Vagrant uses the `VBoxManage` binary that ships with VirtualBox, and requires
this to be available on the PATH. If VirtualBox is installed, please find the
`VBoxManage` binary and add it to the PATH environmental variable.
---- End output of vagrant up --no-provision --provider virtualbox ----
Ran vagrant up --no-provision --provider virtualbox returned 1] on default-centos-72
E, [2018-05-31T22:36:06.753827 #724] ERROR -- Kitchen: ----------------------
E, [2018-05-31T22:36:06.753827 #724] ERROR -- Kitchen: ------Backtrace-------
E, [2018-05-31T22:36:06.753827 #724] ERROR -- Kitchen: C:/opscode/chefdk/embedded/lib/ruby/gems/2.4.0/gems/test-kitchen-1.20.0/lib/kitchen/command.rb:183:in `report_errors'
E, [2018-05-31T22:36:06.753827 #724] ERROR -- Kitchen: C:/opscode/chefdk/embedded/lib/ruby/gems/2.4.0/gems/test-kitchen-1.20.0/lib/kitchen/command.rb:174:in `run_action'
E, [2018-05-31T22:36:06.753827 #724] ERROR -- Kitchen: C:/opscode/chefdk/embedded/lib/ruby/gems/2.4.0/gems/test-kitchen-1.20.0/lib/kitchen/command/test.rb:42:in `block in call'
E, [2018-05-31T22:36:06.753827 #724] ERROR -- Kitchen: C:/opscode/chefdk/embedded/lib/ruby/2.4.0/benchmark.rb:293:in `measure'
E, [2018-05-31T22:36:06.753827 #724] ERROR -- Kitchen: C:/opscode/chefdk/embedded/lib/ruby/gems/2.4.0/gems/test-kitchen-1.20.0/lib/kitchen/command/test.rb:38:in `call'
E, [2018-05-31T22:36:06.753827 #724] ERROR -- Kitchen: C:/opscode/chefdk/embedded/lib/ruby/gems/2.4.0/gems/test-kitchen-1.20.0/lib/kitchen/cli.rb:52:in `perform'
E, [2018-05-31T22:36:06.753827 #724] ERROR -- Kitchen: C:/opscode/chefdk/embedded/lib/ruby/gems/2.4.0/gems/test-kitchen-1.20.0/lib/kitchen/cli.rb:245:in `test'
E, [2018-05-31T22:36:06.754827 #724] ERROR -- Kitchen: C:/opscode/chefdk/embedded/lib/ruby/gems/2.4.0/gems/thor-0.19.1/lib/thor/command.rb:27:in `run'
E, [2018-05-31T22:36:06.754827 #724] ERROR -- Kitchen: C:/opscode/chefdk/embedded/lib/ruby/gems/2.4.0/gems/thor-0.19.1/lib/thor/invocation.rb:126:in `invoke_command'
E, [2018-05-31T22:36:06.754827 #724] ERROR -- Kitchen: C:/opscode/chefdk/embedded/lib/ruby/gems/2.4.0/gems/thor-0.19.1/lib/thor.rb:359:in `dispatch'
E, [2018-05-31T22:36:06.754827 #724] ERROR -- Kitchen: C:/opscode/chefdk/embedded/lib/ruby/gems/2.4.0/gems/thor-0.19.1/lib/thor/base.rb:440:in `start'
E, [2018-05-31T22:36:06.754827 #724] ERROR -- Kitchen: C:/opscode/chefdk/embedded/lib/ruby/gems/2.4.0/gems/test-kitchen-1.20.0/bin/kitchen:13:in `block in <top (required)>'
E, [2018-05-31T22:36:06.754827 #724] ERROR -- Kitchen: C:/opscode/chefdk/embedded/lib/ruby/gems/2.4.0/gems/test-kitchen-1.20.0/lib/kitchen/errors.rb:171:in `with_friendly_errors'
E, [2018-05-31T22:36:06.754827 #724] ERROR -- Kitchen: C:/opscode/chefdk/embedded/lib/ruby/gems/2.4.0/gems/test-kitchen-1.20.0/bin/kitchen:13:in `<top (required)>'
E, [2018-05-31T22:36:06.754827 #724] ERROR -- Kitchen: C:/opscode/chefdk/bin/kitchen:262:in `load'
E, [2018-05-31T22:36:06.754827 #724] ERROR -- Kitchen: C:/opscode/chefdk/bin/kitchen:262:in `<main>'
E, [2018-05-31T22:36:06.754827 #724] ERROR -- Kitchen: ----End Backtrace-----
E, [2018-05-31T22:36:06.754827 #724] ERROR -- Kitchen: -Composite Exception--
E, [2018-05-31T22:36:06.754827 #724] ERROR -- Kitchen: Class: Kitchen::ActionFailed
E, [2018-05-31T22:36:06.754827 #724] ERROR -- Kitchen: Message: Failed to complete #create action: [Expected process to exit with [0], but received '1'
---- Begin output of vagrant up --no-provision --provider virtualbox ----
STDOUT: 
STDERR: The provider 'virtualbox' that was requested to back the machine
'default' is reporting that it isn't usable on this system. The
reason is shown below:

Vagrant could not detect VirtualBox! Make sure VirtualBox is properly installed.
Vagrant uses the `VBoxManage` binary that ships with VirtualBox, and requires
this to be available on the PATH. If VirtualBox is installed, please find the
`VBoxManage` binary and add it to the PATH environmental variable.
---- End output of vagrant up --no-provision --provider virtualbox ----
Ran vagrant up --no-provision --provider virtualbox returned 1] on default-ubuntu-1404
E, [2018-05-31T22:36:06.754827 #724] ERROR -- Kitchen: ----------------------
E, [2018-05-31T22:36:06.754827 #724] ERROR -- Kitchen: ------Backtrace-------
E, [2018-05-31T22:36:06.754827 #724] ERROR -- Kitchen: C:/opscode/chefdk/embedded/lib/ruby/gems/2.4.0/gems/test-kitchen-1.20.0/lib/kitchen/shell_out.rb:71:in `rescue in run_command'
E, [2018-05-31T22:36:06.754827 #724] ERROR -- Kitchen: C:/opscode/chefdk/embedded/lib/ruby/gems/2.4.0/gems/test-kitchen-1.20.0/lib/kitchen/shell_out.rb:58:in `run_command'
E, [2018-05-31T22:36:06.754827 #724] ERROR -- Kitchen: C:/opscode/chefdk/embedded/lib/ruby/gems/2.4.0/gems/kitchen-vagrant-1.3.1/lib/kitchen/driver/vagrant.rb:452:in `run_command'
E, [2018-05-31T22:36:06.754827 #724] ERROR -- Kitchen: C:/opscode/chefdk/embedded/lib/ruby/gems/2.4.0/gems/kitchen-vagrant-1.3.1/lib/kitchen/driver/vagrant.rb:399:in `run'
E, [2018-05-31T22:36:06.754827 #724] ERROR -- Kitchen: C:/opscode/chefdk/embedded/lib/ruby/gems/2.4.0/gems/kitchen-vagrant-1.3.1/lib/kitchen/driver/vagrant.rb:483:in `run_vagrant_up'
E, [2018-05-31T22:36:06.754827 #724] ERROR -- Kitchen: C:/opscode/chefdk/embedded/lib/ruby/gems/2.4.0/gems/kitchen-vagrant-1.3.1/lib/kitchen/driver/vagrant.rb:109:in `create'
E, [2018-05-31T22:36:06.755827 #724] ERROR -- Kitchen: C:/opscode/chefdk/embedded/lib/ruby/gems/2.4.0/gems/test-kitchen-1.20.0/lib/kitchen/instance.rb:469:in `public_send'
E, [2018-05-31T22:36:06.755827 #724] ERROR -- Kitchen: C:/opscode/chefdk/embedded/lib/ruby/gems/2.4.0/gems/test-kitchen-1.20.0/lib/kitchen/instance.rb:469:in `block in perform_action'
E, [2018-05-31T22:36:06.755827 #724] ERROR -- Kitchen: C:/opscode/chefdk/embedded/lib/ruby/gems/2.4.0/gems/test-kitchen-1.20.0/lib/kitchen/instance.rb:533:in `block in synchronize_or_call'
E, [2018-05-31T22:36:06.755827 #724] ERROR -- Kitchen: C:/opscode/chefdk/embedded/lib/ruby/gems/2.4.0/gems/test-kitchen-1.20.0/lib/kitchen/instance.rb:531:in `synchronize'
E, [2018-05-31T22:36:06.755827 #724] ERROR -- Kitchen: C:/opscode/chefdk/embedded/lib/ruby/gems/2.4.0/gems/test-kitchen-1.20.0/lib/kitchen/instance.rb:531:in `synchronize_or_call'
E, [2018-05-31T22:36:06.755827 #724] ERROR -- Kitchen: C:/opscode/chefdk/embedded/lib/ruby/gems/2.4.0/gems/test-kitchen-1.20.0/lib/kitchen/instance.rb:498:in `block in action'
E, [2018-05-31T22:36:06.755827 #724] ERROR -- Kitchen: C:/opscode/chefdk/embedded/lib/ruby/2.4.0/benchmark.rb:293:in `measure'
E, [2018-05-31T22:36:06.755827 #724] ERROR -- Kitchen: C:/opscode/chefdk/embedded/lib/ruby/gems/2.4.0/gems/test-kitchen-1.20.0/lib/kitchen/instance.rb:497:in `action'
E, [2018-05-31T22:36:06.755827 #724] ERROR -- Kitchen: C:/opscode/chefdk/embedded/lib/ruby/gems/2.4.0/gems/test-kitchen-1.20.0/lib/kitchen/instance.rb:469:in `perform_action'
E, [2018-05-31T22:36:06.755827 #724] ERROR -- Kitchen: C:/opscode/chefdk/embedded/lib/ruby/gems/2.4.0/gems/test-kitchen-1.20.0/lib/kitchen/instance.rb:379:in `create_action'
E, [2018-05-31T22:36:06.755827 #724] ERROR -- Kitchen: C:/opscode/chefdk/embedded/lib/ruby/gems/2.4.0/gems/test-kitchen-1.20.0/lib/kitchen/instance.rb:368:in `block in transition_to'
E, [2018-05-31T22:36:06.755827 #724] ERROR -- Kitchen: C:/opscode/chefdk/embedded/lib/ruby/gems/2.4.0/gems/test-kitchen-1.20.0/lib/kitchen/instance.rb:367:in `each'
E, [2018-05-31T22:36:06.755827 #724] ERROR -- Kitchen: C:/opscode/chefdk/embedded/lib/ruby/gems/2.4.0/gems/test-kitchen-1.20.0/lib/kitchen/instance.rb:367:in `transition_to'
E, [2018-05-31T22:36:06.755827 #724] ERROR -- Kitchen: C:/opscode/chefdk/embedded/lib/ruby/gems/2.4.0/gems/test-kitchen-1.20.0/lib/kitchen/instance.rb:157:in `verify'
E, [2018-05-31T22:36:06.755827 #724] ERROR -- Kitchen: C:/opscode/chefdk/embedded/lib/ruby/gems/2.4.0/gems/test-kitchen-1.20.0/lib/kitchen/instance.rb:186:in `block in test'
E, [2018-05-31T22:36:06.755827 #724] ERROR -- Kitchen: C:/opscode/chefdk/embedded/lib/ruby/2.4.0/benchmark.rb:293:in `measure'
E, [2018-05-31T22:36:06.755827 #724] ERROR -- Kitchen: C:/opscode/chefdk/embedded/lib/ruby/gems/2.4.0/gems/test-kitchen-1.20.0/lib/kitchen/instance.rb:182:in `test'
E, [2018-05-31T22:36:06.755827 #724] ERROR -- Kitchen: C:/opscode/chefdk/embedded/lib/ruby/gems/2.4.0/gems/test-kitchen-1.20.0/lib/kitchen/command.rb:197:in `public_send'
E, [2018-05-31T22:36:06.755827 #724] ERROR -- Kitchen: C:/opscode/chefdk/embedded/lib/ruby/gems/2.4.0/gems/test-kitchen-1.20.0/lib/kitchen/command.rb:197:in `run_action_in_thread'
E, [2018-05-31T22:36:06.755827 #724] ERROR -- Kitchen: C:/opscode/chefdk/embedded/lib/ruby/gems/2.4.0/gems/test-kitchen-1.20.0/lib/kitchen/command.rb:169:in `block (2 levels) in run_action'
E, [2018-05-31T22:36:06.755827 #724] ERROR -- Kitchen: ----End Backtrace-----
E, [2018-05-31T22:36:06.755827 #724] ERROR -- Kitchen: ---Nested Exception---
E, [2018-05-31T22:36:06.755827 #724] ERROR -- Kitchen: Class: Kitchen::ActionFailed
E, [2018-05-31T22:36:06.756828 #724] ERROR -- Kitchen: Message: Failed to complete #create action: [Expected process to exit with [0], but received '1'
---- Begin output of vagrant up --no-provision --provider virtualbox ----
STDOUT: 
STDERR: The provider 'virtualbox' that was requested to back the machine
'default' is reporting that it isn't usable on this system. The
reason is shown below:

Vagrant could not detect VirtualBox! Make sure VirtualBox is properly installed.
Vagrant uses the `VBoxManage` binary that ships with VirtualBox, and requires
this to be available on the PATH. If VirtualBox is installed, please find the
`VBoxManage` binary and add it to the PATH environmental variable.
---- End output of vagrant up --no-provision --provider virtualbox ----
Ran vagrant up --no-provision --provider virtualbox returned 1]
E, [2018-05-31T22:36:06.756828 #724] ERROR -- Kitchen: ----------------------
E, [2018-05-31T22:36:06.756828 #724] ERROR -- Kitchen: ------Backtrace-------
E, [2018-05-31T22:36:06.756828 #724] ERROR -- Kitchen: C:/opscode/chefdk/embedded/lib/ruby/gems/2.4.0/gems/test-kitchen-1.20.0/lib/kitchen/shell_out.rb:71:in `rescue in run_command'
E, [2018-05-31T22:36:06.756828 #724] ERROR -- Kitchen: C:/opscode/chefdk/embedded/lib/ruby/gems/2.4.0/gems/test-kitchen-1.20.0/lib/kitchen/shell_out.rb:58:in `run_command'
E, [2018-05-31T22:36:06.756828 #724] ERROR -- Kitchen: C:/opscode/chefdk/embedded/lib/ruby/gems/2.4.0/gems/kitchen-vagrant-1.3.1/lib/kitchen/driver/vagrant.rb:452:in `run_command'
E, [2018-05-31T22:36:06.756828 #724] ERROR -- Kitchen: C:/opscode/chefdk/embedded/lib/ruby/gems/2.4.0/gems/kitchen-vagrant-1.3.1/lib/kitchen/driver/vagrant.rb:399:in `run'
E, [2018-05-31T22:36:06.756828 #724] ERROR -- Kitchen: C:/opscode/chefdk/embedded/lib/ruby/gems/2.4.0/gems/kitchen-vagrant-1.3.1/lib/kitchen/driver/vagrant.rb:483:in `run_vagrant_up'
E, [2018-05-31T22:36:06.756828 #724] ERROR -- Kitchen: C:/opscode/chefdk/embedded/lib/ruby/gems/2.4.0/gems/kitchen-vagrant-1.3.1/lib/kitchen/driver/vagrant.rb:109:in `create'
E, [2018-05-31T22:36:06.756828 #724] ERROR -- Kitchen: C:/opscode/chefdk/embedded/lib/ruby/gems/2.4.0/gems/test-kitchen-1.20.0/lib/kitchen/instance.rb:469:in `public_send'
E, [2018-05-31T22:36:06.756828 #724] ERROR -- Kitchen: C:/opscode/chefdk/embedded/lib/ruby/gems/2.4.0/gems/test-kitchen-1.20.0/lib/kitchen/instance.rb:469:in `block in perform_action'
E, [2018-05-31T22:36:06.756828 #724] ERROR -- Kitchen: C:/opscode/chefdk/embedded/lib/ruby/gems/2.4.0/gems/test-kitchen-1.20.0/lib/kitchen/instance.rb:533:in `block in synchronize_or_call'
E, [2018-05-31T22:36:06.756828 #724] ERROR -- Kitchen: C:/opscode/chefdk/embedded/lib/ruby/gems/2.4.0/gems/test-kitchen-1.20.0/lib/kitchen/instance.rb:531:in `synchronize'
E, [2018-05-31T22:36:06.756828 #724] ERROR -- Kitchen: C:/opscode/chefdk/embedded/lib/ruby/gems/2.4.0/gems/test-kitchen-1.20.0/lib/kitchen/instance.rb:531:in `synchronize_or_call'
E, [2018-05-31T22:36:06.756828 #724] ERROR -- Kitchen: C:/opscode/chefdk/embedded/lib/ruby/gems/2.4.0/gems/test-kitchen-1.20.0/lib/kitchen/instance.rb:498:in `block in action'
E, [2018-05-31T22:36:06.756828 #724] ERROR -- Kitchen: C:/opscode/chefdk/embedded/lib/ruby/2.4.0/benchmark.rb:293:in `measure'
E, [2018-05-31T22:36:06.756828 #724] ERROR -- Kitchen: C:/opscode/chefdk/embedded/lib/ruby/gems/2.4.0/gems/test-kitchen-1.20.0/lib/kitchen/instance.rb:497:in `action'
E, [2018-05-31T22:36:06.756828 #724] ERROR -- Kitchen: C:/opscode/chefdk/embedded/lib/ruby/gems/2.4.0/gems/test-kitchen-1.20.0/lib/kitchen/instance.rb:469:in `perform_action'
E, [2018-05-31T22:36:06.756828 #724] ERROR -- Kitchen: C:/opscode/chefdk/embedded/lib/ruby/gems/2.4.0/gems/test-kitchen-1.20.0/lib/kitchen/instance.rb:379:in `create_action'
E, [2018-05-31T22:36:06.756828 #724] ERROR -- Kitchen: C:/opscode/chefdk/embedded/lib/ruby/gems/2.4.0/gems/test-kitchen-1.20.0/lib/kitchen/instance.rb:368:in `block in transition_to'
E, [2018-05-31T22:36:06.756828 #724] ERROR -- Kitchen: C:/opscode/chefdk/embedded/lib/ruby/gems/2.4.0/gems/test-kitchen-1.20.0/lib/kitchen/instance.rb:367:in `each'
E, [2018-05-31T22:36:06.756828 #724] ERROR -- Kitchen: C:/opscode/chefdk/embedded/lib/ruby/gems/2.4.0/gems/test-kitchen-1.20.0/lib/kitchen/instance.rb:367:in `transition_to'
E, [2018-05-31T22:36:06.756828 #724] ERROR -- Kitchen: C:/opscode/chefdk/embedded/lib/ruby/gems/2.4.0/gems/test-kitchen-1.20.0/lib/kitchen/instance.rb:157:in `verify'
E, [2018-05-31T22:36:06.757829 #724] ERROR -- Kitchen: C:/opscode/chefdk/embedded/lib/ruby/gems/2.4.0/gems/test-kitchen-1.20.0/lib/kitchen/instance.rb:186:in `block in test'
E, [2018-05-31T22:36:06.757829 #724] ERROR -- Kitchen: C:/opscode/chefdk/embedded/lib/ruby/2.4.0/benchmark.rb:293:in `measure'
E, [2018-05-31T22:36:06.757829 #724] ERROR -- Kitchen: C:/opscode/chefdk/embedded/lib/ruby/gems/2.4.0/gems/test-kitchen-1.20.0/lib/kitchen/instance.rb:182:in `test'
E, [2018-05-31T22:36:06.757829 #724] ERROR -- Kitchen: C:/opscode/chefdk/embedded/lib/ruby/gems/2.4.0/gems/test-kitchen-1.20.0/lib/kitchen/command.rb:197:in `public_send'
E, [2018-05-31T22:36:06.757829 #724] ERROR -- Kitchen: C:/opscode/chefdk/embedded/lib/ruby/gems/2.4.0/gems/test-kitchen-1.20.0/lib/kitchen/command.rb:197:in `run_action_in_thread'
E, [2018-05-31T22:36:06.757829 #724] ERROR -- Kitchen: C:/opscode/chefdk/embedded/lib/ruby/gems/2.4.0/gems/test-kitchen-1.20.0/lib/kitchen/command.rb:169:in `block (2 levels) in run_action'
E, [2018-05-31T22:36:06.757829 #724] ERROR -- Kitchen: ----End Backtrace-----
E, [2018-05-31T22:36:06.757829 #724] ERROR -- Kitchen: -Composite Exception--
E, [2018-05-31T22:36:06.757829 #724] ERROR -- Kitchen: Class: Kitchen::ActionFailed
E, [2018-05-31T22:36:06.757829 #724] ERROR -- Kitchen: Message: Failed to complete #create action: [Expected process to exit with [0], but received '1'
---- Begin output of vagrant up --no-provision --provider virtualbox ----
STDOUT: 
STDERR: The provider 'virtualbox' that was requested to back the machine
'default' is reporting that it isn't usable on this system. The
reason is shown below:

Vagrant could not detect VirtualBox! Make sure VirtualBox is properly installed.
Vagrant uses the `VBoxManage` binary that ships with VirtualBox, and requires
this to be available on the PATH. If VirtualBox is installed, please find the
`VBoxManage` binary and add it to the PATH environmental variable.
---- End output of vagrant up --no-provision --provider virtualbox ----
Ran vagrant up --no-provision --provider virtualbox returned 1] on default-centos-72
E, [2018-05-31T22:36:06.757829 #724] ERROR -- Kitchen: ----------------------
E, [2018-05-31T22:36:06.757829 #724] ERROR -- Kitchen: ------Backtrace-------
E, [2018-05-31T22:36:06.757829 #724] ERROR -- Kitchen: C:/opscode/chefdk/embedded/lib/ruby/gems/2.4.0/gems/test-kitchen-1.20.0/lib/kitchen/shell_out.rb:71:in `rescue in run_command'
E, [2018-05-31T22:36:06.757829 #724] ERROR -- Kitchen: C:/opscode/chefdk/embedded/lib/ruby/gems/2.4.0/gems/test-kitchen-1.20.0/lib/kitchen/shell_out.rb:58:in `run_command'
E, [2018-05-31T22:36:06.757829 #724] ERROR -- Kitchen: C:/opscode/chefdk/embedded/lib/ruby/gems/2.4.0/gems/kitchen-vagrant-1.3.1/lib/kitchen/driver/vagrant.rb:452:in `run_command'
E, [2018-05-31T22:36:06.757829 #724] ERROR -- Kitchen: C:/opscode/chefdk/embedded/lib/ruby/gems/2.4.0/gems/kitchen-vagrant-1.3.1/lib/kitchen/driver/vagrant.rb:399:in `run'
E, [2018-05-31T22:36:06.757829 #724] ERROR -- Kitchen: C:/opscode/chefdk/embedded/lib/ruby/gems/2.4.0/gems/kitchen-vagrant-1.3.1/lib/kitchen/driver/vagrant.rb:483:in `run_vagrant_up'
E, [2018-05-31T22:36:06.757829 #724] ERROR -- Kitchen: C:/opscode/chefdk/embedded/lib/ruby/gems/2.4.0/gems/kitchen-vagrant-1.3.1/lib/kitchen/driver/vagrant.rb:109:in `create'
E, [2018-05-31T22:36:06.757829 #724] ERROR -- Kitchen: C:/opscode/chefdk/embedded/lib/ruby/gems/2.4.0/gems/test-kitchen-1.20.0/lib/kitchen/instance.rb:469:in `public_send'
E, [2018-05-31T22:36:06.758829 #724] ERROR -- Kitchen: C:/opscode/chefdk/embedded/lib/ruby/gems/2.4.0/gems/test-kitchen-1.20.0/lib/kitchen/instance.rb:469:in `block in perform_action'
E, [2018-05-31T22:36:06.760831 #724] ERROR -- Kitchen: C:/opscode/chefdk/embedded/lib/ruby/gems/2.4.0/gems/test-kitchen-1.20.0/lib/kitchen/instance.rb:533:in `block in synchronize_or_call'
E, [2018-05-31T22:36:06.761832 #724] ERROR -- Kitchen: C:/opscode/chefdk/embedded/lib/ruby/gems/2.4.0/gems/test-kitchen-1.20.0/lib/kitchen/instance.rb:531:in `synchronize'
E, [2018-05-31T22:36:06.761832 #724] ERROR -- Kitchen: C:/opscode/chefdk/embedded/lib/ruby/gems/2.4.0/gems/test-kitchen-1.20.0/lib/kitchen/instance.rb:531:in `synchronize_or_call'
E, [2018-05-31T22:36:06.761832 #724] ERROR -- Kitchen: C:/opscode/chefdk/embedded/lib/ruby/gems/2.4.0/gems/test-kitchen-1.20.0/lib/kitchen/instance.rb:498:in `block in action'
E, [2018-05-31T22:36:06.761832 #724] ERROR -- Kitchen: C:/opscode/chefdk/embedded/lib/ruby/2.4.0/benchmark.rb:293:in `measure'
E, [2018-05-31T22:36:06.761832 #724] ERROR -- Kitchen: C:/opscode/chefdk/embedded/lib/ruby/gems/2.4.0/gems/test-kitchen-1.20.0/lib/kitchen/instance.rb:497:in `action'
E, [2018-05-31T22:36:06.761832 #724] ERROR -- Kitchen: C:/opscode/chefdk/embedded/lib/ruby/gems/2.4.0/gems/test-kitchen-1.20.0/lib/kitchen/instance.rb:469:in `perform_action'
E, [2018-05-31T22:36:06.761832 #724] ERROR -- Kitchen: C:/opscode/chefdk/embedded/lib/ruby/gems/2.4.0/gems/test-kitchen-1.20.0/lib/kitchen/instance.rb:379:in `create_action'
E, [2018-05-31T22:36:06.761832 #724] ERROR -- Kitchen: C:/opscode/chefdk/embedded/lib/ruby/gems/2.4.0/gems/test-kitchen-1.20.0/lib/kitchen/instance.rb:368:in `block in transition_to'
E, [2018-05-31T22:36:06.761832 #724] ERROR -- Kitchen: C:/opscode/chefdk/embedded/lib/ruby/gems/2.4.0/gems/test-kitchen-1.20.0/lib/kitchen/instance.rb:367:in `each'
E, [2018-05-31T22:36:06.761832 #724] ERROR -- Kitchen: C:/opscode/chefdk/embedded/lib/ruby/gems/2.4.0/gems/test-kitchen-1.20.0/lib/kitchen/instance.rb:367:in `transition_to'
E, [2018-05-31T22:36:06.761832 #724] ERROR -- Kitchen: C:/opscode/chefdk/embedded/lib/ruby/gems/2.4.0/gems/test-kitchen-1.20.0/lib/kitchen/instance.rb:157:in `verify'
E, [2018-05-31T22:36:06.761832 #724] ERROR -- Kitchen: C:/opscode/chefdk/embedded/lib/ruby/gems/2.4.0/gems/test-kitchen-1.20.0/lib/kitchen/instance.rb:186:in `block in test'
E, [2018-05-31T22:36:06.761832 #724] ERROR -- Kitchen: C:/opscode/chefdk/embedded/lib/ruby/2.4.0/benchmark.rb:293:in `measure'
E, [2018-05-31T22:36:06.761832 #724] ERROR -- Kitchen: C:/opscode/chefdk/embedded/lib/ruby/gems/2.4.0/gems/test-kitchen-1.20.0/lib/kitchen/instance.rb:182:in `test'
E, [2018-05-31T22:36:06.761832 #724] ERROR -- Kitchen: C:/opscode/chefdk/embedded/lib/ruby/gems/2.4.0/gems/test-kitchen-1.20.0/lib/kitchen/command.rb:197:in `public_send'
E, [2018-05-31T22:36:06.761832 #724] ERROR -- Kitchen: C:/opscode/chefdk/embedded/lib/ruby/gems/2.4.0/gems/test-kitchen-1.20.0/lib/kitchen/command.rb:197:in `run_action_in_thread'
E, [2018-05-31T22:36:06.761832 #724] ERROR -- Kitchen: C:/opscode/chefdk/embedded/lib/ruby/gems/2.4.0/gems/test-kitchen-1.20.0/lib/kitchen/command.rb:169:in `block (2 levels) in run_action'
E, [2018-05-31T22:36:06.761832 #724] ERROR -- Kitchen: ----End Backtrace-----
E, [2018-05-31T22:36:06.761832 #724] ERROR -- Kitchen: ---Nested Exception---
E, [2018-05-31T22:36:06.762832 #724] ERROR -- Kitchen: Class: Kitchen::ActionFailed
E, [2018-05-31T22:36:06.762832 #724] ERROR -- Kitchen: Message: Failed to complete #create action: [Expected process to exit with [0], but received '1'
---- Begin output of vagrant up --no-provision --provider virtualbox ----
STDOUT: 
STDERR: The provider 'virtualbox' that was requested to back the machine
'default' is reporting that it isn't usable on this system. The
reason is shown below:

Vagrant could not detect VirtualBox! Make sure VirtualBox is properly installed.
Vagrant uses the `VBoxManage` binary that ships with VirtualBox, and requires
this to be available on the PATH. If VirtualBox is installed, please find the
`VBoxManage` binary and add it to the PATH environmental variable.
---- End output of vagrant up --no-provision --provider virtualbox ----
Ran vagrant up --no-provision --provider virtualbox returned 1]
E, [2018-05-31T22:36:06.762832 #724] ERROR -- Kitchen: ----------------------
E, [2018-05-31T22:36:06.762832 #724] ERROR -- Kitchen: ------Backtrace-------
E, [2018-05-31T22:36:06.762832 #724] ERROR -- Kitchen: C:/opscode/chefdk/embedded/lib/ruby/gems/2.4.0/gems/test-kitchen-1.20.0/lib/kitchen/shell_out.rb:71:in `rescue in run_command'
E, [2018-05-31T22:36:06.762832 #724] ERROR -- Kitchen: C:/opscode/chefdk/embedded/lib/ruby/gems/2.4.0/gems/test-kitchen-1.20.0/lib/kitchen/shell_out.rb:58:in `run_command'
E, [2018-05-31T22:36:06.762832 #724] ERROR -- Kitchen: C:/opscode/chefdk/embedded/lib/ruby/gems/2.4.0/gems/kitchen-vagrant-1.3.1/lib/kitchen/driver/vagrant.rb:452:in `run_command'
E, [2018-05-31T22:36:06.762832 #724] ERROR -- Kitchen: C:/opscode/chefdk/embedded/lib/ruby/gems/2.4.0/gems/kitchen-vagrant-1.3.1/lib/kitchen/driver/vagrant.rb:399:in `run'
E, [2018-05-31T22:36:06.762832 #724] ERROR -- Kitchen: C:/opscode/chefdk/embedded/lib/ruby/gems/2.4.0/gems/kitchen-vagrant-1.3.1/lib/kitchen/driver/vagrant.rb:483:in `run_vagrant_up'
E, [2018-05-31T22:36:06.762832 #724] ERROR -- Kitchen: C:/opscode/chefdk/embedded/lib/ruby/gems/2.4.0/gems/kitchen-vagrant-1.3.1/lib/kitchen/driver/vagrant.rb:109:in `create'
E, [2018-05-31T22:36:06.763836 #724] ERROR -- Kitchen: C:/opscode/chefdk/embedded/lib/ruby/gems/2.4.0/gems/test-kitchen-1.20.0/lib/kitchen/instance.rb:469:in `public_send'
E, [2018-05-31T22:36:06.763836 #724] ERROR -- Kitchen: C:/opscode/chefdk/embedded/lib/ruby/gems/2.4.0/gems/test-kitchen-1.20.0/lib/kitchen/instance.rb:469:in `block in perform_action'
E, [2018-05-31T22:36:06.763836 #724] ERROR -- Kitchen: C:/opscode/chefdk/embedded/lib/ruby/gems/2.4.0/gems/test-kitchen-1.20.0/lib/kitchen/instance.rb:533:in `block in synchronize_or_call'
E, [2018-05-31T22:36:06.763836 #724] ERROR -- Kitchen: C:/opscode/chefdk/embedded/lib/ruby/gems/2.4.0/gems/test-kitchen-1.20.0/lib/kitchen/instance.rb:531:in `synchronize'
E, [2018-05-31T22:36:06.763836 #724] ERROR -- Kitchen: C:/opscode/chefdk/embedded/lib/ruby/gems/2.4.0/gems/test-kitchen-1.20.0/lib/kitchen/instance.rb:531:in `synchronize_or_call'
E, [2018-05-31T22:36:06.763836 #724] ERROR -- Kitchen: C:/opscode/chefdk/embedded/lib/ruby/gems/2.4.0/gems/test-kitchen-1.20.0/lib/kitchen/instance.rb:498:in `block in action'
E, [2018-05-31T22:36:06.763836 #724] ERROR -- Kitchen: C:/opscode/chefdk/embedded/lib/ruby/2.4.0/benchmark.rb:293:in `measure'
E, [2018-05-31T22:36:06.763836 #724] ERROR -- Kitchen: C:/opscode/chefdk/embedded/lib/ruby/gems/2.4.0/gems/test-kitchen-1.20.0/lib/kitchen/instance.rb:497:in `action'
E, [2018-05-31T22:36:06.763836 #724] ERROR -- Kitchen: C:/opscode/chefdk/embedded/lib/ruby/gems/2.4.0/gems/test-kitchen-1.20.0/lib/kitchen/instance.rb:469:in `perform_action'
E, [2018-05-31T22:36:06.763836 #724] ERROR -- Kitchen: C:/opscode/chefdk/embedded/lib/ruby/gems/2.4.0/gems/test-kitchen-1.20.0/lib/kitchen/instance.rb:379:in `create_action'
E, [2018-05-31T22:36:06.763836 #724] ERROR -- Kitchen: C:/opscode/chefdk/embedded/lib/ruby/gems/2.4.0/gems/test-kitchen-1.20.0/lib/kitchen/instance.rb:368:in `block in transition_to'
E, [2018-05-31T22:36:06.763836 #724] ERROR -- Kitchen: C:/opscode/chefdk/embedded/lib/ruby/gems/2.4.0/gems/test-kitchen-1.20.0/lib/kitchen/instance.rb:367:in `each'
E, [2018-05-31T22:36:06.763836 #724] ERROR -- Kitchen: C:/opscode/chefdk/embedded/lib/ruby/gems/2.4.0/gems/test-kitchen-1.20.0/lib/kitchen/instance.rb:367:in `transition_to'
E, [2018-05-31T22:36:06.763836 #724] ERROR -- Kitchen: C:/opscode/chefdk/embedded/lib/ruby/gems/2.4.0/gems/test-kitchen-1.20.0/lib/kitchen/instance.rb:157:in `verify'
E, [2018-05-31T22:36:06.764835 #724] ERROR -- Kitchen: C:/opscode/chefdk/embedded/lib/ruby/gems/2.4.0/gems/test-kitchen-1.20.0/lib/kitchen/instance.rb:186:in `block in test'
E, [2018-05-31T22:36:06.764835 #724] ERROR -- Kitchen: C:/opscode/chefdk/embedded/lib/ruby/2.4.0/benchmark.rb:293:in `measure'
E, [2018-05-31T22:36:06.764835 #724] ERROR -- Kitchen: C:/opscode/chefdk/embedded/lib/ruby/gems/2.4.0/gems/test-kitchen-1.20.0/lib/kitchen/instance.rb:182:in `test'
E, [2018-05-31T22:36:06.764835 #724] ERROR -- Kitchen: C:/opscode/chefdk/embedded/lib/ruby/gems/2.4.0/gems/test-kitchen-1.20.0/lib/kitchen/command.rb:197:in `public_send'
E, [2018-05-31T22:36:06.764835 #724] ERROR -- Kitchen: C:/opscode/chefdk/embedded/lib/ruby/gems/2.4.0/gems/test-kitchen-1.20.0/lib/kitchen/command.rb:197:in `run_action_in_thread'
E, [2018-05-31T22:36:06.764835 #724] ERROR -- Kitchen: C:/opscode/chefdk/embedded/lib/ruby/gems/2.4.0/gems/test-kitchen-1.20.0/lib/kitchen/command.rb:169:in `block (2 levels) in run_action'
E, [2018-05-31T22:36:06.764835 #724] ERROR -- Kitchen: ----End Backtrace-----
